2024-06-22 12:06:460 INFO  HomePage :32 - Clicking on login link : [[ChromeDriver: chrome on windows (04035470225aadc7ec294d99c7b7d978)] -> link text: Log in]
2024-06-22 12:06:598 INFO  LoginPage :39 - Getting text from : [[ChromeDriver: chrome on windows (04035470225aadc7ec294d99c7b7d978)] -> xpath: //h1[contains(text(),'Welcome, Please Sign In!')]]
2024-06-22 12:06:08 INFO  HomePage :32 - Clicking on login link : [[ChromeDriver: chrome on windows (d8af7e5b852e32b277e9db05b539088c)] -> link text: Log in]
2024-06-22 12:06:153 INFO  LoginPage :39 - Getting text from : [[ChromeDriver: chrome on windows (d8af7e5b852e32b277e9db05b539088c)] -> xpath: //h1[contains(text(),'Welcome, Please Sign In!')]]
2024-06-22 12:06:987 INFO  HomePage :32 - Clicking on login link : [[ChromeDriver: chrome on windows (38046ac2a735f9719f93f518ac6b7aec)] -> link text: Log in]
2024-06-22 12:06:351 INFO  HomePage :32 - Clicking on login link : [[ChromeDriver: chrome on windows (9a060f87c328d838e839a4d63ba1922e)] -> link text: Log in]
2024-06-22 12:06:997 INFO  HomePage :32 - Clicking on login link : [[ChromeDriver: chrome on windows (9b927c4f564df683d8701dc540646c74)] -> link text: Log in]
2024-06-22 12:06:208 INFO  LoginPage :39 - Getting text from : [[ChromeDriver: chrome on windows (9b927c4f564df683d8701dc540646c74)] -> xpath: //h1[contains(text(),'Welcome, Please Sign In!')]]
2024-06-22 12:06:577 INFO  HomePage :32 - Clicking on login link : [[ChromeDriver: chrome on windows (38ed7e923be297f990bbb69446e2b774)] -> link text: Log in]
2024-06-22 12:06:61 INFO  HomePage :32 - Clicking on login link : [[ChromeDriver: chrome on windows (53e6ca66261ae6e59c91ea13a29c587e)] -> link text: Log in]
2024-06-22 12:06:07 INFO  HomePage :32 - Clicking on login link : [[ChromeDriver: chrome on windows (b3546fc9fda9ea6a1467b278ac03c94c)] -> link text: Log in]
2024-06-22 12:06:104 INFO  HomePage :32 - Clicking on login link : [[ChromeDriver: chrome on windows (0aded54b16bd7e595ad40c3230b7d164)] -> link text: Log in]
2024-06-22 12:06:426 INFO  HomePage :32 - Clicking on login link : [[ChromeDriver: chrome on windows (810c8d68c72023bb9b5d59300c9731e4)] -> link text: Log in]
2024-06-22 13:06:576 INFO  HomePage :32 - Clicking on login link : [[ChromeDriver: chrome on windows (3ec08b73e2f24e6a26693c9cef0683c0)] -> link text: Log in]
2024-06-22 13:06:698 INFO  LoginPage :39 - Getting text from : [[ChromeDriver: chrome on windows (3ec08b73e2f24e6a26693c9cef0683c0)] -> xpath: //h1[contains(text(),'Welcome, Please Sign In!')]]
2024-06-22 13:06:674 INFO  HomePage :32 - Clicking on login link : [[ChromeDriver: chrome on windows (2842bb13bc63ddaebf83f6c946aec53b)] -> link text: Log in]
2024-06-22 13:06:377 INFO  HomePage :32 - Clicking on login link : [[ChromeDriver: chrome on windows (7a957853106a1a9520502cae0d89ea92)] -> link text: Log in]
2024-06-22 13:06:520 INFO  LoginPage :39 - Getting text from : [[ChromeDriver: chrome on windows (7a957853106a1a9520502cae0d89ea92)] -> xpath: //h1[contains(text(),'Welcome, Please Sign In!')]]
2024-06-22 13:06:618 INFO  HomePage :32 - Clicking on login link : [[ChromeDriver: chrome on windows (0a96ad5201c482b410d636290850090a)] -> link text: Log in]
2024-06-22 14:06:561 INFO  HomePage :32 - Clicking on login link : [[ChromeDriver: chrome on windows (51470e6a0e3f8b1439008497d6ec737b)] -> link text: Log in]
2024-06-22 14:06:264 INFO  HomePage :32 - Clicking on login link : [[ChromeDriver: chrome on windows (15603703209e30117b2ff7cb83558d4e)] -> link text: Log in]
2024-06-22 14:06:262 INFO  HomePage :32 - Clicking on login link : [[ChromeDriver: chrome on windows (29fc028d117bd35f55cbef34aa42a1bb)] -> link text: Log in]
2024-06-22 14:06:195 INFO  HomePage :32 - Clicking on login link : [[ChromeDriver: chrome on windows (ea5e8d452611b7bf979780878f587520)] -> link text: Log in]
2024-06-22 14:06:320 INFO  LoginPage :39 - Getting text from : [[ChromeDriver: chrome on windows (ea5e8d452611b7bf979780878f587520)] -> xpath: //h1[contains(text(),'Welcome, Please Sign In!')]]
2024-06-22 14:06:372 INFO  HomePage :32 - Clicking on login link : [[ChromeDriver: chrome on windows (cedc09138e11b73b1fabebfb98a61152)] -> link text: Log in]
2024-06-22 14:06:96 INFO  HomePage :32 - Clicking on login link : [[ChromeDriver: chrome on windows (0a2831bdf1468101d6e90031585f6510)] -> link text: Log in]
2024-06-22 14:06:378 INFO  HomePage :32 - Clicking on login link : [[ChromeDriver: chrome on windows (6bb122a56f32181cbf0eb041d6f6c422)] -> link text: Log in]
2024-06-22 14:06:809 INFO  HomePage :32 - Clicking on login link : [[ChromeDriver: chrome on windows (229aba4955348fab6ba0cc7fc1fafe5d)] -> link text: Log in]
2024-06-22 14:06:154 INFO  HomePage :32 - Clicking on login link : [[ChromeDriver: chrome on windows (766c45fcb4840aa75df8f6c040f96402)] -> link text: Log in]
2024-06-22 14:06:276 INFO  LoginPage :39 - Getting text from : [[ChromeDriver: chrome on windows (766c45fcb4840aa75df8f6c040f96402)] -> xpath: //h1[contains(text(),'Welcome, Please Sign In!')]]
2024-06-22 14:06:641 INFO  HomePage :32 - Clicking on login link : [[ChromeDriver: chrome on windows (9e26aded5d616ca372c869debb77ba9d)] -> link text: Log in]
2024-06-22 14:06:856 INFO  HomePage :32 - Clicking on login link : [[ChromeDriver: chrome on windows (1168cf7a6729247fc9390f36d69ed4ac)] -> link text: Log in]
2024-06-22 14:06:962 INFO  LoginPage :39 - Getting text from : [[ChromeDriver: chrome on windows (1168cf7a6729247fc9390f36d69ed4ac)] -> xpath: //h1[contains(text(),'Welcome, Please Sign In!')]]
2024-06-22 14:06:436 INFO  HomePage :32 - Clicking on login link : [[ChromeDriver: chrome on windows (0b20194bd04112d9dc568fda641bdfee)] -> link text: Log in]
2024-06-22 14:06:511 INFO  HomePage :32 - Clicking on login link : [[ChromeDriver: chrome on windows (013e5559a609b7f0a54f7aff94d68975)] -> link text: Log in]
2024-06-22 14:06:612 INFO  LoginPage :39 - Getting text from : [[ChromeDriver: chrome on windows (013e5559a609b7f0a54f7aff94d68975)] -> xpath: //h1[contains(text(),'Welcome, Please Sign In!')]]
2024-06-22 14:06:218 INFO  HomePage :32 - Clicking on login link : [[ChromeDriver: chrome on windows (ec171ce8e7380551db6fe677dff45bc8)] -> link text: Log in]
2024-06-22 14:06:61 INFO  HomePage :32 - Clicking on login link : [[ChromeDriver: chrome on windows (e43f8a95a194b7fb93139385efbbe5d3)] -> link text: Log in]
2024-06-22 14:06:175 INFO  LoginPage :39 - Getting text from : [[ChromeDriver: chrome on windows (e43f8a95a194b7fb93139385efbbe5d3)] -> xpath: //h1[contains(text(),'Welcome, Please Sign In!')]]
2024-06-22 14:06:824 INFO  HomePage :32 - Clicking on login link : [[ChromeDriver: chrome on windows (840cf4cca5f05d516174dbca839b06df)] -> link text: Log in]
2024-06-22 14:06:885 INFO  HomePage :32 - Clicking on login link : [[ChromeDriver: chrome on windows (11dca3e8e52c159f73840d6be1abf012)] -> link text: Log in]
2024-06-22 14:06:28 INFO  LoginPage :39 - Getting text from : [[ChromeDriver: chrome on windows (11dca3e8e52c159f73840d6be1abf012)] -> xpath: //h1[contains(text(),'Welcome, Please Sign In!')]]
2024-06-22 14:06:86 INFO  HomePage :32 - Clicking on login link : [[ChromeDriver: chrome on windows (c20e6d33561d12244d208663ff346ca5)] -> link text: Log in]
2024-06-22 15:06:329 INFO  HomePage :32 - Clicking on login link : [[ChromeDriver: chrome on windows (cebe243defa40c55f03f1d344afedd41)] -> link text: Log in]
2024-06-22 15:06:438 INFO  LoginPage :39 - Getting text from : [[ChromeDriver: chrome on windows (cebe243defa40c55f03f1d344afedd41)] -> xpath: //h1[contains(text(),'Welcome, Please Sign In!')]]
2024-06-22 15:06:536 INFO  HomePage :32 - Clicking on login link : [[ChromeDriver: chrome on windows (c9dbfa94d250cf75f6f81a073ea3382f)] -> link text: Log in]
2024-06-22 15:06:413 INFO  HomePage :32 - Clicking on login link : [[ChromeDriver: chrome on windows (5232cd6b346804077a15b910ae214a3e)] -> link text: Log in]
2024-06-22 15:06:619 INFO  LoginPage :39 - Getting text from : [[ChromeDriver: chrome on windows (5232cd6b346804077a15b910ae214a3e)] -> xpath: //h1[contains(text(),'Welcome, Please Sign In!')]]
2024-06-22 15:06:491 INFO  HomePage :32 - Clicking on login link : [[ChromeDriver: chrome on windows (25010582c09b4229573e7fc0bd9f8e7f)] -> link text: Log in]
2024-06-22 16:06:809 INFO  HomePage :32 - Clicking on login link : [[ChromeDriver: chrome on windows (ae3b5dd5350ec86039e036fcf8d4b71c)] -> link text: Log in]
2024-06-22 16:06:00 INFO  LoginPage :39 - Getting text from : [[ChromeDriver: chrome on windows (ae3b5dd5350ec86039e036fcf8d4b71c)] -> xpath: //h1[contains(text(),'Welcome, Please Sign In!')]]
2024-06-22 16:06:905 INFO  HomePage :32 - Clicking on login link : [[ChromeDriver: chrome on windows (55369af7ed09a6bca38617f890473591)] -> link text: Log in]
2024-06-22 16:06:791 INFO  HomePage :32 - Clicking on login link : [[ChromeDriver: chrome on windows (7b42e448412cd392fa57e703415229f7)] -> link text: Log in]
2024-06-22 16:06:935 INFO  LoginPage :39 - Getting text from : [[ChromeDriver: chrome on windows (7b42e448412cd392fa57e703415229f7)] -> xpath: //h1[contains(text(),'Welcome, Please Sign In!')]]
2024-06-22 16:06:205 INFO  HomePage :32 - Clicking on login link : [[ChromeDriver: chrome on windows (4b1b1a91d494ef1d35065d1797709ac7)] -> link text: Log in]
2024-06-24 19:06:23 INFO  HomePage :32 - Clicking on login link : [[ChromeDriver: chrome on windows (4ad722da1962067a52c8dd09c0d7aff9)] -> link text: Log in]
2024-06-24 19:06:110 INFO  LoginPage :39 - Getting text from : [[ChromeDriver: chrome on windows (4ad722da1962067a52c8dd09c0d7aff9)] -> xpath: //h1[contains(text(),'Welcome, Please Sign In!')]]
2024-06-24 19:06:503 INFO  HomePage :32 - Clicking on login link : [[ChromeDriver: chrome on windows (2c22155639525a6dac34abcb05a4576e)] -> link text: Log in]
2024-06-25 02:06:947 INFO  HomePage :23 - Get computers text[[ChromeDriver: chrome on windows (711be2822147bbd305147152a180eb1c)] -> link text: Computers]
2024-06-25 02:06:296 INFO  HomePage :28 - Click on desktop[[ChromeDriver: chrome on windows (e4e50fd4df42ca1463c3896bfd8996bc)] -> xpath: //a[text()=' Desktops ']]
2024-06-25 02:06:814 INFO  HomePage :24 - Get desktop text[[ChromeDriver: chrome on windows (e4e50fd4df42ca1463c3896bfd8996bc)] -> link text: Desktops]
2024-06-25 02:06:482 INFO  HomePage :28 - Click on desktop[[ChromeDriver: chrome on windows (8488211fa8644dd259a9f471e236ec3c)] -> xpath: //a[text()=' Desktops ']]
2024-06-25 02:06:573 INFO  HomePage :30 - Clicking on build your own computer link : [[ChromeDriver: chrome on windows (8488211fa8644dd259a9f471e236ec3c)] -> link text: Build your own computer]
2024-06-25 02:06:732 INFO  BuildYourOwnComputerPage :48 - Select Processor[[ChromeDriver: chrome on windows (8488211fa8644dd259a9f471e236ec3c)] -> id: product_attribute_1]
2024-06-25 02:06:836 INFO  BuildYourOwnComputerPage :54 - Select ram[[ChromeDriver: chrome on windows (8488211fa8644dd259a9f471e236ec3c)] -> id: product_attribute_2]
2024-06-25 02:06:839 INFO  BuildYourOwnComputerPage :70 - Select HDD
2024-06-25 02:06:898 INFO  BuildYourOwnComputerPage :75 - Select OS
2024-06-25 02:06:952 INFO  BuildYourOwnComputerPage :80 - Select Software
2024-06-25 02:06:66 INFO  BuildYourOwnComputerPage :59 - Clicking on add to cart button : [[ChromeDriver: chrome on windows (8488211fa8644dd259a9f471e236ec3c)] -> id: add-to-cart-button-1]
2024-06-25 02:06:318 INFO  BuildYourOwnComputerPage :64 - Get add to cart text[[ChromeDriver: chrome on windows (8488211fa8644dd259a9f471e236ec3c)] -> xpath: //body/div[@id='bar-notification']/div[1]/p[1]]
2024-06-25 02:06:626 INFO  HomePage :28 - Click on desktop[[ChromeDriver: chrome on windows (627b9a5375b47d5a573fe195f183b5a1)] -> xpath: //a[text()=' Desktops ']]
2024-06-25 02:06:767 INFO  HomePage :30 - Clicking on build your own computer link : [[ChromeDriver: chrome on windows (627b9a5375b47d5a573fe195f183b5a1)] -> link text: Build your own computer]
2024-06-25 02:06:851 INFO  BuildYourOwnComputerPage :48 - Select Processor[[ChromeDriver: chrome on windows (627b9a5375b47d5a573fe195f183b5a1)] -> id: product_attribute_1]
2024-06-25 02:06:956 INFO  BuildYourOwnComputerPage :54 - Select ram[[ChromeDriver: chrome on windows (627b9a5375b47d5a573fe195f183b5a1)] -> id: product_attribute_2]
2024-06-25 02:06:957 INFO  BuildYourOwnComputerPage :70 - Select HDD
2024-06-25 02:06:35 INFO  BuildYourOwnComputerPage :75 - Select OS
2024-06-25 02:06:87 INFO  BuildYourOwnComputerPage :80 - Select Software
2024-06-25 02:06:201 INFO  BuildYourOwnComputerPage :59 - Clicking on add to cart button : [[ChromeDriver: chrome on windows (627b9a5375b47d5a573fe195f183b5a1)] -> id: add-to-cart-button-1]
2024-06-25 02:06:489 INFO  BuildYourOwnComputerPage :64 - Get add to cart text[[ChromeDriver: chrome on windows (627b9a5375b47d5a573fe195f183b5a1)] -> xpath: //body/div[@id='bar-notification']/div[1]/p[1]]
2024-06-25 02:06:122 INFO  HomePage :28 - Click on desktop[[ChromeDriver: chrome on windows (3743cc865c024c704de5ae6b30cb6f45)] -> xpath: //a[text()=' Desktops ']]
2024-06-25 02:06:125 INFO  HomePage :30 - Clicking on build your own computer link : [[ChromeDriver: chrome on windows (3743cc865c024c704de5ae6b30cb6f45)] -> link text: Build your own computer]
2024-06-25 02:06:243 INFO  BuildYourOwnComputerPage :48 - Select Processor[[ChromeDriver: chrome on windows (3743cc865c024c704de5ae6b30cb6f45)] -> id: product_attribute_1]
2024-06-25 02:06:366 INFO  BuildYourOwnComputerPage :54 - Select ram[[ChromeDriver: chrome on windows (3743cc865c024c704de5ae6b30cb6f45)] -> id: product_attribute_2]
2024-06-25 02:06:370 INFO  BuildYourOwnComputerPage :70 - Select HDD
2024-06-25 02:06:433 INFO  BuildYourOwnComputerPage :75 - Select OS
2024-06-25 02:06:484 INFO  BuildYourOwnComputerPage :80 - Select Software
2024-06-25 02:06:683 INFO  BuildYourOwnComputerPage :59 - Clicking on add to cart button : [[ChromeDriver: chrome on windows (3743cc865c024c704de5ae6b30cb6f45)] -> id: add-to-cart-button-1]
2024-06-25 02:06:924 INFO  BuildYourOwnComputerPage :64 - Get add to cart text[[ChromeDriver: chrome on windows (3743cc865c024c704de5ae6b30cb6f45)] -> xpath: //body/div[@id='bar-notification']/div[1]/p[1]]
2024-06-25 02:06:159 INFO  HomePage :35 - Clicking on login link : [[ChromeDriver: chrome on windows (75fb328ecd140b0a725a92b11e2efd40)] -> link text: Log in]
2024-06-25 02:06:218 INFO  LoginPage :44 - Getting text from : [[ChromeDriver: chrome on windows (75fb328ecd140b0a725a92b11e2efd40)] -> xpath: //h1[contains(text(),'Welcome, Please Sign In!')]]
2024-06-25 02:06:350 INFO  HomePage :35 - Clicking on login link : [[ChromeDriver: chrome on windows (ea643f96e6831c8a79e17c10bf135501)] -> link text: Log in]
2024-06-25 02:06:467 INFO  LoginPage :50 - Enter EmailField : [[ChromeDriver: chrome on windows (ea643f96e6831c8a79e17c10bf135501)] -> id: Email]
2024-06-25 02:06:546 INFO  LoginPage :55 - Enter PassWordField : [[ChromeDriver: chrome on windows (ea643f96e6831c8a79e17c10bf135501)] -> name: Password]
2024-06-25 02:06:854 INFO  LoginPage :60 - Clicking on login link : [[ChromeDriver: chrome on windows (ea643f96e6831c8a79e17c10bf135501)] -> xpath: //button[contains(text(),'Log in')]]
2024-06-25 02:06:954 INFO  LoginPage :64 - Getting error message from : [[ChromeDriver: chrome on windows (ea643f96e6831c8a79e17c10bf135501)] -> xpath: //div[@class='message-error validation-summary-errors']]
2024-06-25 02:06:967 INFO  HomePage :35 - Clicking on login link : [[ChromeDriver: chrome on windows (812d8e619fbe355bc1bef0975aba94b1)] -> link text: Log in]
2024-06-25 02:06:85 INFO  LoginPage :50 - Enter EmailField : [[ChromeDriver: chrome on windows (812d8e619fbe355bc1bef0975aba94b1)] -> id: Email]
2024-06-25 02:06:181 INFO  LoginPage :55 - Enter PassWordField : [[ChromeDriver: chrome on windows (812d8e619fbe355bc1bef0975aba94b1)] -> name: Password]
2024-06-25 02:06:501 INFO  LoginPage :60 - Clicking on login link : [[ChromeDriver: chrome on windows (812d8e619fbe355bc1bef0975aba94b1)] -> xpath: //button[contains(text(),'Log in')]]
2024-06-25 02:06:550 INFO  LoginPage :64 - Getting error message from : [[ChromeDriver: chrome on windows (812d8e619fbe355bc1bef0975aba94b1)] -> xpath: //div[@class='message-error validation-summary-errors']]
2024-06-25 02:06:803 INFO  HomePage :35 - Clicking on login link : [[ChromeDriver: chrome on windows (b77c0b47fe43601f3feddc6b1051e11b)] -> link text: Log in]
2024-06-25 02:06:928 INFO  LoginPage :50 - Enter EmailField : [[ChromeDriver: chrome on windows (b77c0b47fe43601f3feddc6b1051e11b)] -> id: Email]
2024-06-25 02:06:12 INFO  LoginPage :55 - Enter PassWordField : [[ChromeDriver: chrome on windows (b77c0b47fe43601f3feddc6b1051e11b)] -> name: Password]
2024-06-25 02:06:298 INFO  LoginPage :60 - Clicking on login link : [[ChromeDriver: chrome on windows (b77c0b47fe43601f3feddc6b1051e11b)] -> xpath: //button[contains(text(),'Log in')]]
2024-06-25 02:06:429 INFO  LoginPage :64 - Getting error message from : [[ChromeDriver: chrome on windows (b77c0b47fe43601f3feddc6b1051e11b)] -> xpath: //div[@class='message-error validation-summary-errors']]
2024-06-25 02:06:206 INFO  HomePage :35 - Clicking on login link : [[ChromeDriver: chrome on windows (8ea7bf6fde06f8586c772591dc175d88)] -> link text: Log in]
2024-06-25 02:06:422 INFO  LoginPage :50 - Enter EmailField : [[ChromeDriver: chrome on windows (8ea7bf6fde06f8586c772591dc175d88)] -> id: Email]
2024-06-25 02:06:559 INFO  LoginPage :55 - Enter PassWordField : [[ChromeDriver: chrome on windows (8ea7bf6fde06f8586c772591dc175d88)] -> name: Password]
2024-06-25 02:06:901 INFO  LoginPage :60 - Clicking on login link : [[ChromeDriver: chrome on windows (8ea7bf6fde06f8586c772591dc175d88)] -> xpath: //button[contains(text(),'Log in')]]
2024-06-25 02:06:944 INFO  LoginPage :70 - Getting text from : Proxy element for: DefaultElementLocator 'By.xpath: //a[normalize-space()='Log out']'
2024-06-25 02:06:566 INFO  HomePage :40 - Clicking on register link : [[ChromeDriver: chrome on windows (7a64b3f150d79f5e2724906827d186ee)] -> link text: Register]
2024-06-25 02:06:594 INFO  LoginPage :79 - Getting text from : [[ChromeDriver: chrome on windows (7a64b3f150d79f5e2724906827d186ee)] -> xpath: //h1[normalize-space()='Register']]
2024-06-25 02:06:837 INFO  HomePage :40 - Clicking on register link : [[ChromeDriver: chrome on windows (fae376247e7ef7f43550da4545f07884)] -> link text: Register]
2024-06-25 02:06:943 INFO  LoginPage :86 - Clicking on register button : [[ChromeDriver: chrome on windows (fae376247e7ef7f43550da4545f07884)] -> id: register-button]
2024-06-25 02:06:960 INFO  LoginPage :97 - Getting text from : [[ChromeDriver: chrome on windows (fae376247e7ef7f43550da4545f07884)] -> id: FirstName-error]
2024-06-25 02:06:988 INFO  LoginPage :102 - Getting text from : [[ChromeDriver: chrome on windows (fae376247e7ef7f43550da4545f07884)] -> id: LastName-error]
2024-06-25 02:06:07 INFO  LoginPage :108 - Getting text from : [[ChromeDriver: chrome on windows (fae376247e7ef7f43550da4545f07884)] -> id: Email-error]
2024-06-25 02:06:37 INFO  LoginPage :120 - Getting text from : [[ChromeDriver: chrome on windows (fae376247e7ef7f43550da4545f07884)] -> id: ConfirmPassword-error]
2024-06-25 02:06:60 INFO  LoginPage :120 - Getting text from : [[ChromeDriver: chrome on windows (fae376247e7ef7f43550da4545f07884)] -> id: ConfirmPassword-error]
